<?xml version="1.0" encoding="UTF-8"?>
<testsuite xmlns:xsi="http://www.w3.org/2001/XMLSchema-instance" xsi:noNamespaceSchemaLocation="https://maven.apache.org/surefire/maven-surefire-plugin/xsd/surefire-test-report.xsd" version="3.0.2" name="com.platform.security.exchange.cache.TokenCacheManagerTest" time="0.342" tests="4" errors="0" skipped="0" failures="0" flakes="0">
  <properties>
[...]
</properties>
  <testcase name="tokenFarFromExpiryIsImmediatelyRetrievable" classname="com.platform.security.exchange.cache.TokenCacheManagerTest" time="0.075"/>
  <testcase name="invalidateRemovesAnEntryImmediately" classname="com.platform.security.exchange.cache.TokenCacheManagerTest" time="0.003"/>
  <testcase name="tokenWithinTheExpiryBufferIsTreatedAsAlreadyExpired" classname="com.platform.security.exchange.cache.TokenCacheManagerTest" time="0.001"/>
  <testcase name="tokenExpiresShortlyAfterItsRealExpiryMinusBuffer" classname="com.platform.security.exchange.cache.TokenCacheManagerTest" time="0.242"/>
</testsuite>