<?xml version="1.0" encoding="UTF-8"?>
<testsuite xmlns:xsi="http://www.w3.org/2001/XMLSchema-instance" xsi:noNamespaceSchemaLocation="https://maven.apache.org/surefire/maven-surefire-plugin/xsd/surefire-test-report.xsd" version="3.0.2" name="com.roconmachine.governance.audit.aspect.AuditLoggingAspectTest" time="0.631" tests="6" errors="0" skipped="0" failures="0" flakes="0">
  <properties>
[...]
</properties>
  <testcase name="defaultBehaviorWithNoExplicitAsyncAttributeIsAsync" classname="com.roconmachine.governance.audit.aspect.AuditLoggingAspectTest" time="0.556"/>
  <testcase name="asyncMethodStillPropagatesCorrelationIdViaMdcTaskDecorator" classname="com.roconmachine.governance.audit.aspect.AuditLoggingAspectTest" time="0.008"/>
  <testcase name="syncMethodPublishesOnTheCallingThreadBeforeReturning" classname="com.roconmachine.governance.audit.aspect.AuditLoggingAspectTest" time="0.013"/>
  <testcase name="failingMethodStillPublishesAFailureEventAndRethrows" classname="com.roconmachine.governance.audit.aspect.AuditLoggingAspectTest" time="0.006"/>
  <testcase name="asyncMethodPublishesOffTheCallingThread" classname="com.roconmachine.governance.audit.aspect.AuditLoggingAspectTest" time="0.005"/>
  <testcase name="everyAuditEventCarriesTheConfiguredServiceName" classname="com.roconmachine.governance.audit.aspect.AuditLoggingAspectTest" time="0.003"/>
</testsuite>